[ 16.05.2025 - 15:09:28 ]
    (MSG) [2] SMILExtract: openSMILE starting!
[ 16.05.2025 - 15:09:28 ]
    (MSG) [2] SMILExtract: config file is: opensmile\config\compare16\ComParE_2016.conf
[ 16.05.2025 - 15:09:28 ]
    (MSG) [2] cComponentManager: successfully registered 103 component types.
[ 16.05.2025 - 15:09:28 ]
    (MSG) [2] instance 'lldsink': No filename given, disabling this sink component.
[ 16.05.2025 - 15:09:28 ]
    (MSG) [2] instance 'lldhtksink': No filename given, disabling this sink component.
[ 16.05.2025 - 15:09:28 ]
    (MSG) [2] instance 'lldarffsink': No filename given, disabling this sink component.
[ 16.05.2025 - 15:09:28 ]
    (MSG) [2] instance 'csvsink': No filename given, disabling this sink component.
[ 16.05.2025 - 15:09:28 ]
    (MSG) [2] instance 'htksink': No filename given, disabling this sink component.
[ 16.05.2025 - 15:09:28 ]
    (MSG) [2] instance 'arffsink': writing ARFF header (6373 features)...
[ 16.05.2025 - 15:09:28 ]
    (MSG) [2] instance 'arffsink': finished writing ARFF header.
[ 16.05.2025 - 15:09:28 ]
    (MSG) [2] cComponentManager: successfully finished createInstances (48 component instances were finalised, 1 data memories were finalised)
[ 16.05.2025 - 15:09:28 ]
    (MSG) [2] cComponentManager: starting single thread processing loop
[ 16.05.2025 - 15:09:28 ]
    (WRN) [2] cComponentManager: The following component(s) could not perform any work because destination levels are full but no other component performed any work either: is13_energy is13_audspecSum is13_audspecRastaSum. Processing will possibly be incomplete. For more details, enable the execDebug option of cComponentManager.
[ 16.05.2025 - 15:09:28 ]
    (MSG) [2] cComponentManager: Processing finished! System ran for 387 ticks.
